{"C:\\Users\\Nico\\OneDrive\\Bureau\\formation_dev_back_end\\semaine_7\\jour_5\\exo_ju_jour\\videogame\\src\\core\\__test__\\InMemoryVideoGameRepository.ts": {"path":"C:\\Users\\Nico\\OneDrive\\Bureau\\formation_dev_back_end\\semaine_7\\jour_5\\exo_ju_jour\\videogame\\src\\core\\__test__\\InMemoryVideoGameRepository.ts","statementMap":{"0":{"start":{"line":5,"column":4},"end":{"line":5,"column":null}},"1":{"start":{"line":7,"column":26},"end":{"line":9,"column":10}},"2":{"start":{"line":8,"column":12},"end":{"line":8,"column":null}},"3":{"start":{"line":10,"column":8},"end":{"line":12,"column":null}},"4":{"start":{"line":11,"column":12},"end":{"line":11,"column":52}},"5":{"start":{"line":13,"column":8},"end":{"line":13,"column":25}},"6":{"start":{"line":16,"column":8},"end":{"line":16,"column":43}},"7":{"start":{"line":17,"column":8},"end":{"line":17,"column":25}},"8":{"start":{"line":4,"column":0},"end":{"line":4,"column":13}}},"fnMap":{"0":{"name":"(anonymous_7)","decl":{"start":{"line":4,"column":0},"end":{"line":4,"column":13}},"loc":{"start":{"line":4,"column":0},"end":{"line":20,"column":1}}},"1":{"name":"(anonymous_8)","decl":{"start":{"line":6,"column":10},"end":{"line":6,"column":17}},"loc":{"start":{"line":6,"column":37},"end":{"line":14,"column":null}}},"2":{"name":"(anonymous_10)","decl":{"start":{"line":7,"column":51},"end":{"line":7,"column":60}},"loc":{"start":{"line":7,"column":63},"end":{"line":9,"column":9}}},"3":{"name":"(anonymous_11)","decl":{"start":{"line":15,"column":10},"end":{"line":15,"column":14}},"loc":{"start":{"line":15,"column":35},"end":{"line":18,"column":null}}}},"branchMap":{"0":{"loc":{"start":{"line":10,"column":8},"end":{"line":12,"column":null}},"type":"if","locations":[{"start":{"line":10,"column":8},"end":{"line":12,"column":null}}]}},"s":{"0":1,"1":0,"2":0,"3":0,"4":0,"5":0,"6":1,"7":1,"8":1},"f":{"0":1,"1":0,"2":0,"3":1},"b":{"0":[0]}}
,"C:\\Users\\Nico\\OneDrive\\Bureau\\formation_dev_back_end\\semaine_7\\jour_5\\exo_ju_jour\\videogame\\src\\core\\entities\\VideoGame.ts": {"path":"C:\\Users\\Nico\\OneDrive\\Bureau\\formation_dev_back_end\\semaine_7\\jour_5\\exo_ju_jour\\videogame\\src\\core\\entities\\VideoGame.ts","statementMap":{"0":{"start":{"line":4,"column":0},"end":{"line":4,"column":30}},"1":{"start":{"line":23,"column":8},"end":{"line":23,"column":37}},"2":{"start":{"line":34,"column":8},"end":{"line":36,"column":null}},"3":{"start":{"line":35,"column":12},"end":{"line":35,"column":59}},"4":{"start":{"line":37,"column":8},"end":{"line":39,"column":null}},"5":{"start":{"line":38,"column":12},"end":{"line":38,"column":61}},"6":{"start":{"line":40,"column":28},"end":{"line":40,"column":38}},"7":{"start":{"line":41,"column":8},"end":{"line":43,"column":null}},"8":{"start":{"line":42,"column":12},"end":{"line":42,"column":48}},"9":{"start":{"line":44,"column":8},"end":{"line":50,"column":null}},"10":{"start":{"line":20,"column":0},"end":{"line":20,"column":13}}},"fnMap":{"0":{"name":"(anonymous_7)","decl":{"start":{"line":22,"column":4},"end":{"line":22,"column":16}},"loc":{"start":{"line":22,"column":47},"end":{"line":24,"column":5}}},"1":{"name":"(anonymous_8)","decl":{"start":{"line":25,"column":4},"end":{"line":25,"column":10}},"loc":{"start":{"line":33,"column":5},"end":{"line":51,"column":null}}}},"branchMap":{"0":{"loc":{"start":{"line":34,"column":8},"end":{"line":36,"column":null}},"type":"if","locations":[{"start":{"line":34,"column":8},"end":{"line":36,"column":null}}]},"1":{"loc":{"start":{"line":37,"column":8},"end":{"line":39,"column":null}},"type":"if","locations":[{"start":{"line":37,"column":8},"end":{"line":39,"column":null}}]},"2":{"loc":{"start":{"line":41,"column":8},"end":{"line":43,"column":null}},"type":"if","locations":[{"start":{"line":41,"column":8},"end":{"line":43,"column":null}}]}},"s":{"0":1,"1":1,"2":1,"3":0,"4":1,"5":0,"6":1,"7":1,"8":0,"9":1,"10":1},"f":{"0":1,"1":1},"b":{"0":[0],"1":[0],"2":[0]}}
,"C:\\Users\\Nico\\OneDrive\\Bureau\\formation_dev_back_end\\semaine_7\\jour_5\\exo_ju_jour\\videogame\\src\\core\\type\\Category.ts": {"path":"C:\\Users\\Nico\\OneDrive\\Bureau\\formation_dev_back_end\\semaine_7\\jour_5\\exo_ju_jour\\videogame\\src\\core\\type\\Category.ts","statementMap":{"0":{"start":{"line":1,"column":0},"end":{"line":1,"column":null}},"1":{"start":{"line":2,"column":4},"end":{"line":2,"column":null}},"2":{"start":{"line":3,"column":4},"end":{"line":3,"column":null}},"3":{"start":{"line":4,"column":4},"end":{"line":4,"column":null}}},"fnMap":{"0":{"name":"(anonymous_0)","decl":{"start":{"line":1,"column":0},"end":{"line":1,"column":12}},"loc":{"start":{"line":1,"column":20},"end":{"line":5,"column":1}}}},"branchMap":{"0":{"loc":{"start":{"line":1,"column":12},"end":{"line":1,"column":null}},"type":"binary-expr","locations":[{"start":{"line":1,"column":12},"end":{"line":1,"column":20}},{"start":{"line":1,"column":12},"end":{"line":1,"column":null}}]}},"s":{"0":1,"1":1,"2":1,"3":1},"f":{"0":1},"b":{"0":[1,1]}}
,"C:\\Users\\Nico\\OneDrive\\Bureau\\formation_dev_back_end\\semaine_7\\jour_5\\exo_ju_jour\\videogame\\src\\core\\type\\Platform.ts": {"path":"C:\\Users\\Nico\\OneDrive\\Bureau\\formation_dev_back_end\\semaine_7\\jour_5\\exo_ju_jour\\videogame\\src\\core\\type\\Platform.ts","statementMap":{"0":{"start":{"line":1,"column":0},"end":{"line":1,"column":null}},"1":{"start":{"line":2,"column":4},"end":{"line":2,"column":null}},"2":{"start":{"line":3,"column":4},"end":{"line":3,"column":null}},"3":{"start":{"line":4,"column":4},"end":{"line":4,"column":null}},"4":{"start":{"line":5,"column":4},"end":{"line":5,"column":null}}},"fnMap":{"0":{"name":"(anonymous_0)","decl":{"start":{"line":1,"column":0},"end":{"line":1,"column":12}},"loc":{"start":{"line":1,"column":20},"end":{"line":6,"column":1}}}},"branchMap":{"0":{"loc":{"start":{"line":1,"column":12},"end":{"line":1,"column":null}},"type":"binary-expr","locations":[{"start":{"line":1,"column":12},"end":{"line":1,"column":20}},{"start":{"line":1,"column":12},"end":{"line":1,"column":null}}]}},"s":{"0":1,"1":1,"2":1,"3":1,"4":1},"f":{"0":1},"b":{"0":[1,1]}}
,"C:\\Users\\Nico\\OneDrive\\Bureau\\formation_dev_back_end\\semaine_7\\jour_5\\exo_ju_jour\\videogame\\src\\core\\usecase\\CreateVideoGame.ts": {"path":"C:\\Users\\Nico\\OneDrive\\Bureau\\formation_dev_back_end\\semaine_7\\jour_5\\exo_ju_jour\\videogame\\src\\core\\usecase\\CreateVideoGame.ts","statementMap":{"0":{"start":{"line":1,"column":0},"end":{"line":1,"column":50}},"1":{"start":{"line":3,"column":0},"end":{"line":3,"column":44}},"2":{"start":{"line":19,"column":8},"end":{"line":19,"column":55}},"3":{"start":{"line":22,"column":26},"end":{"line":30,"column":10}},"4":{"start":{"line":31,"column":8},"end":{"line":31,"column":55}},"5":{"start":{"line":32,"column":8},"end":{"line":32,"column":26}},"6":{"start":{"line":16,"column":0},"end":{"line":16,"column":13}}},"fnMap":{"0":{"name":"(anonymous_7)","decl":{"start":{"line":18,"column":4},"end":{"line":18,"column":16}},"loc":{"start":{"line":18,"column":56},"end":{"line":20,"column":5}}},"1":{"name":"(anonymous_8)","decl":{"start":{"line":21,"column":10},"end":{"line":21,"column":17}},"loc":{"start":{"line":21,"column":49},"end":{"line":33,"column":null}}}},"branchMap":{},"s":{"0":1,"1":1,"2":1,"3":1,"4":1,"5":1,"6":1},"f":{"0":1,"1":1},"b":{}}
}
